<?xml version="1.0" encoding="UTF-8"?>
<!-- Generated by org.testng.reporters.JUnitXMLReporter -->
<testsuite ignored="2" hostname="D1ML00123M.local" failures="0" tests="1" name="free CRM Application Test Cases" time="10.7" errors="0" timestamp="10 Mar 2018 16:12:06 GMT">
  <testcase classname="com.qa.testcases.LoginPageTest" name="loginTest" time="1.955"/>
  <testcase classname="com.qa.testcases.LoginPageTest" name="crmLogoImageTest" time="0.0">
    <ignored/>
  </testcase> <!-- crmLogoImageTest -->
  <testcase classname="com.qa.testcases.LoginPageTest" name="loginPageTitleTest" time="0.0">
    <ignored/>
  </testcase> <!-- loginPageTitleTest -->
</testsuite> <!-- free CRM Application Test Cases -->
